<?xml version="1.0" encoding="UTF-8"?>
<testng-results skipped="0" failed="0" ignored="0" total="1" passed="1">
  <reporter-output>
  </reporter-output>
  <suite name="Surefire suite" duration-ms="89" started-at="2020-11-29T09:22:57Z" finished-at="2020-11-29T09:22:57Z">
    <groups>
    </groups>
    <test name="Surefire test" duration-ms="89" started-at="2020-11-29T09:22:57Z" finished-at="2020-11-29T09:22:57Z">
      <class name="com.ktds.devpro.WebMvcStarterApplicationTests">
        <test-method status="PASS" signature="contextLoads()" name="contextLoads" duration-ms="15" started-at="2020-11-29T18:22:57Z" finished-at="2020-11-29T18:22:57Z">
          <reporter-output>
          </reporter-output>
        </test-method> <!-- contextLoads -->
      </class> <!-- com.ktds.devpro.WebMvcStarterApplicationTests -->
    </test> <!-- Surefire test -->
  </suite> <!-- Surefire suite -->
</testng-results>
